<?xml version="1.0" encoding="UTF-8"?>
<testng-results ignored="0" total="1" passed="1" failed="0" skipped="0">
  <reporter-output>
  </reporter-output>
  <suite started-at="2024-02-28T16:38:53Z" name="BookTestDrive_Regression" finished-at="2024-02-28T16:41:18Z" duration-ms="144243">
    <groups>
    </groups>
    <test started-at="2024-02-28T16:38:53Z" name="BookTestDriveTest" finished-at="2024-02-28T16:41:18Z" duration-ms="144243">
      <class name="com.test.project.tests.BookTestDriveTest">
        <test-method is-config="true" signature="beforeMethod()[pri:0, instance:com.test.project.tests.BookTestDriveTest@6069db50]" started-at="2024-02-28T16:38:53Z" name="beforeMethod" finished-at="2024-02-28T16:39:53Z" duration-ms="59852" status="PASS">
          <reporter-output>
          </reporter-output>
        </test-method> <!-- beforeMethod -->
        <test-method signature="verifyBookTestDriveFunctionality()[pri:0, instance:com.test.project.tests.BookTestDriveTest@6069db50]" started-at="2024-02-28T16:39:53Z" name="verifyBookTestDriveFunctionality" finished-at="2024-02-28T16:41:17Z" duration-ms="83645" status="PASS">
          <reporter-output>
          </reporter-output>
        </test-method> <!-- verifyBookTestDriveFunctionality -->
        <test-method is-config="true" signature="afterTest()[pri:0, instance:com.test.project.tests.BookTestDriveTest@6069db50]" started-at="2024-02-28T16:41:17Z" name="afterTest" finished-at="2024-02-28T16:41:18Z" duration-ms="723" status="PASS">
          <reporter-output>
          </reporter-output>
        </test-method> <!-- afterTest -->
      </class> <!-- com.test.project.tests.BookTestDriveTest -->
    </test> <!-- BookTestDriveTest -->
  </suite> <!-- BookTestDrive_Regression -->
</testng-results>
